timestamp: 2011-10-02T18:57:08.599588
CREATE TABLE auth_user(
    id INTEGER PRIMARY KEY AUTOINCREMENT,
    first_name CHAR(128),
    last_name CHAR(128),
    email CHAR(512),
    password CHAR(512),
    registration_key CHAR(512),
    reset_password_key CHAR(512)
);
success!
timestamp: 2011-10-02T18:57:08.994220
CREATE TABLE auth_group(
    id INTEGER PRIMARY KEY AUTOINCREMENT,
    role CHAR(512),
    description TEXT
);
success!
timestamp: 2011-10-02T18:57:09.222971
CREATE TABLE auth_membership(
    id INTEGER PRIMARY KEY AUTOINCREMENT,
    user_id INTEGER REFERENCES auth_user(id) ON DELETE CASCADE,
    group_id INTEGER REFERENCES auth_group(id) ON DELETE CASCADE
);
success!
timestamp: 2011-10-02T18:57:09.452282
CREATE TABLE auth_permission(
    id INTEGER PRIMARY KEY AUTOINCREMENT,
    group_id INTEGER REFERENCES auth_group(id) ON DELETE CASCADE,
    name CHAR(512),
    table_name CHAR(512),
    record_id INTEGER
);
success!
timestamp: 2011-10-02T18:57:09.712570
CREATE TABLE auth_event(
    id INTEGER PRIMARY KEY AUTOINCREMENT,
    time_stamp TIMESTAMP,
    client_ip CHAR(512),
    user_id INTEGER REFERENCES auth_user(id) ON DELETE CASCADE,
    origin CHAR(512),
    description TEXT
);
success!
timestamp: 2011-10-02T18:57:09.886885
CREATE TABLE auth_cas(
    id INTEGER PRIMARY KEY AUTOINCREMENT,
    user_id INTEGER REFERENCES auth_user(id) ON DELETE CASCADE,
    created_on TIMESTAMP,
    url CHAR(512),
    uuid CHAR(512)
);
success!
timestamp: 2012-01-31T19:18:38.220777
ALTER TABLE auth_user ADD registration_id CHAR(512);
timestamp: 2012-01-31T19:18:38.351640
ALTER TABLE auth_cas ADD service CHAR(512);
timestamp: 2012-01-31T19:18:38.455455
ALTER TABLE auth_cas ADD renew CHAR(1);
timestamp: 2012-01-31T19:18:38.543872
ALTER TABLE auth_cas ADD ticket CHAR(512);
timestamp: 2012-01-31T19:18:38.635357
CREATE TABLE blog_tags(
    id INTEGER PRIMARY KEY AUTOINCREMENT,
    tagname CHAR(512)
);
success!
timestamp: 2012-01-31T19:18:38.727593
CREATE TABLE articles(
    id INTEGER PRIMARY KEY AUTOINCREMENT,
    author INTEGER REFERENCES auth_user(id) ON DELETE CASCADE,
    title CHAR(512),
    created TIMESTAMP,
    body TEXT,
    teaser TEXT,
    pullquote TEXT,
    blog_tags INTEGER REFERENCES blog_tags(id) ON DELETE CASCADE
);
success!
timestamp: 2012-01-31T20:12:51.502612
CREATE TABLE plugin_comments_comment(
    id INTEGER PRIMARY KEY AUTOINCREMENT,
    body TEXT,
    posted_on TIMESTAMP,
    posted_by INTEGER REFERENCES auth_user(id) ON DELETE CASCADE
);
success!
timestamp: 2012-02-15T12:33:01.812651
ALTER TABLE plugin_comments_comment ADD details INTEGER;
timestamp: 2012-02-15T12:34:47.949923
ALTER TABLE plugin_comments_comment ADD username CHAR(512);
timestamp: 2012-02-15T12:34:48.154937
ALTER TABLE plugin_comments_comment ADD email_address CHAR(512);
timestamp: 2012-09-18T21:04:32.764872
CREATE TABLE docs(
    id INTEGER PRIMARY KEY AUTOINCREMENT,
    label CHAR(512),
    docfile CHAR(200)
);
success!
timestamp: 2012-09-18T21:04:32.987863
ALTER TABLE articles ADD parent INTEGER REFERENCES articles(id) ON DELETE CASCADE;
timestamp: 2012-09-18T21:04:33.166902
ALTER TABLE articles ADD docs TEXT;
timestamp: 2012-11-09T13:33:52.775019
CREATE TABLE blog_links(
    id INTEGER PRIMARY KEY AUTOINCREMENT,
    link_label CHAR(512),
    url CHAR(512),
    description TEXT
);
success!
timestamp: 2012-11-09T13:33:52.807792
ALTER TABLE articles ADD blog_links TEXT;
success!
success!
success!
success!
success!
success!
success!
success!
success!
success!
timestamp: 2013-12-31T16:56:25.593519
CREATE TABLE paragraphs(
    id INTEGER PRIMARY KEY AUTOINCREMENT,
    chapter INTEGER,
    section INTEGER,
    subsection INTEGER,
    uid INTEGER,
    status INTEGER,
    created TIMESTAMP,
    changed TIMESTAMP,
    title CHAR(512),
    body TEXT,
    display_title CHAR(512),
    pullquote CHAR(512),
    audio INTEGER,
    image_id INTEGER,
    image_alt CHAR(512),
    image_title CHAR(512),
    image_filename CHAR(512),
    topics CHAR(512)
);
success!
success!
success!
success!
success!
success!
success!
success!
success!
success!
success!
success!
success!
success!
success!
success!
success!
success!
success!
success!
success!
success!
success!
success!
success!
success!
success!
success!
success!
success!
success!
success!
success!
success!
success!
success!
success!
success!
success!
success!
success!
success!
success!
success!
success!
success!
DELETE FROM paragraphs;
DELETE FROM sqlite_sequence WHERE name='paragraphs';
success!
success!
success!
success!
success!
success!
success!
success!
success!
DELETE FROM paragraphs;
DELETE FROM sqlite_sequence WHERE name='paragraphs';
success!
success!
success!
success!
success!
success!
success!
success!
success!
success!
success!
success!
success!
success!
success!
success!
success!
success!
success!
success!
success!
success!
success!
success!
success!
success!
success!
success!
success!
success!
success!
success!
success!
success!
success!
success!
success!
success!
success!
success!
success!
success!
success!
success!
success!
success!
success!
success!
success!
success!
success!
success!
success!
success!
success!
success!
success!
success!
success!
success!
success!
success!
success!
success!
success!
DELETE FROM paragraphs;
DELETE FROM sqlite_sequence WHERE name='paragraphs';
success!
success!
success!
DELETE FROM paragraphs;
DELETE FROM sqlite_sequence WHERE name='paragraphs';
success!
success!
success!
DELETE FROM paragraphs;
DELETE FROM sqlite_sequence WHERE name='paragraphs';
success!
success!
success!
DELETE FROM paragraphs;
DELETE FROM sqlite_sequence WHERE name='paragraphs';
success!
success!
success!
DELETE FROM paragraphs;
DELETE FROM sqlite_sequence WHERE name='paragraphs';
success!
success!
success!
success!
success!
success!
success!
DELETE FROM paragraphs;
DELETE FROM sqlite_sequence WHERE name='paragraphs';
success!
success!
success!
success!
success!
DELETE FROM paragraphs;
DELETE FROM sqlite_sequence WHERE name='paragraphs';
success!
success!
success!
success!
success!
DELETE FROM paragraphs;
DELETE FROM sqlite_sequence WHERE name='paragraphs';
success!
success!
success!
DELETE FROM paragraphs;
DELETE FROM sqlite_sequence WHERE name='paragraphs';
success!
success!
success!
DELETE FROM paragraphs;
DELETE FROM sqlite_sequence WHERE name='paragraphs';
success!
success!
success!
success!
success!
success!
success!
success!
success!
success!
success!
success!
success!
success!
success!
success!
success!
success!
success!
success!
success!
success!
success!
success!
success!
success!
success!
success!
success!
success!
success!
success!
success!
success!
success!
success!
success!
success!
success!
timestamp: 2014-01-06T11:49:34.272024
CREATE TABLE chapter_titles(
    id INTEGER PRIMARY KEY AUTOINCREMENT,
    num INTEGER,
    title CHAR(512)
);
success!
success!
success!
timestamp: 2014-01-06T11:53:30.580589
CREATE TABLE section_titles(
    id INTEGER PRIMARY KEY AUTOINCREMENT,
    chapter_num INTEGER,
    section_num INTEGER,
    title CHAR(512)
);
success!
success!
success!
success!
success!
success!
success!
success!
success!
success!
success!
success!
success!
success!
success!
success!
success!
success!
success!
success!
success!
success!
success!
success!
success!
success!
success!
success!
success!
success!
success!
success!
success!
success!
success!
success!
success!
success!
success!
success!
success!
success!
success!
success!
